app/build/intermediates/manifest_merge_blame_file/release/processReleaseMainManifest/manifest-merger-blame-release-report.txt
1<?xml version="1.0" encoding="utf-8"?>
2<manifest xmlns:android="http://schemas.android.com/apk/res/android"
3    package="com.ventureplus.crm"
4    android:versionCode="1"
5    android:versionName="1.0" >
6
7    <uses-sdk
8        android:minSdkVersion="21"
9        android:targetSdkVersion="33" />
10
11    <!-- Although the *SdkVersion is captured in gradle build files, this is required for non gradle builds -->
12    <!-- <uses-sdk android:minSdkVersion="14"/> -->
13    <uses-permission android:name="android.permission.ACCESS_NETWORK_STATE" />
13-->[com.google.firebase:firebase-database:20.0.0] AndroidManifest.xml:25:5-79
13-->[com.google.firebase:firebase-database:20.0.0] AndroidManifest.xml:25:22-76
14    <uses-permission android:name="android.permission.INTERNET" />
14-->[com.google.firebase:firebase-database:20.0.0] AndroidManifest.xml:26:5-67
14-->[com.google.firebase:firebase-database:20.0.0] AndroidManifest.xml:26:22-64
15
16    <application
16-->src\main\AndroidManifest.xml:5:5-70:19
17        android:allowBackup="true"
17-->src\main\AndroidManifest.xml:6:9-35
18        android:appComponentFactory="androidx.core.app.CoreComponentFactory"
18-->[androidx.core:core:1.5.0] AndroidManifest.xml:24:18-86
19        android:extractNativeLibs="true"
20        android:icon="@android:drawable/sym_def_app_icon"
20-->src\main\AndroidManifest.xml:7:9-58
21        android:label="@string/app_name"
21-->src\main\AndroidManifest.xml:8:9-41
22        android:supportsRtl="true"
22-->src\main\AndroidManifest.xml:9:9-35
23        android:theme="@style/Base.Theme.VenturePlusCRM" >
23-->src\main\AndroidManifest.xml:10:9-57
24        <activity
24-->src\main\AndroidManifest.xml:13:9-20:20
25            android:name="com.ventureplus.crm.SimpleCRMActivity"
25-->src\main\AndroidManifest.xml:14:13-46
26            android:exported="true" >
26-->src\main\AndroidManifest.xml:15:13-36
27            <intent-filter>
27-->src\main\AndroidManifest.xml:16:13-19:29
28                <action android:name="android.intent.action.MAIN" />
28-->src\main\AndroidManifest.xml:17:17-69
28-->src\main\AndroidManifest.xml:17:25-66
29
30                <category android:name="android.intent.category.LAUNCHER" />
30-->src\main\AndroidManifest.xml:18:17-77
30-->src\main\AndroidManifest.xml:18:27-74
31            </intent-filter>
32        </activity>
33        <activity
33-->src\main\AndroidManifest.xml:22:9-24:40
34            android:name="com.ventureplus.crm.LoginActivity"
34-->src\main\AndroidManifest.xml:23:13-42
35            android:exported="false" />
35-->src\main\AndroidManifest.xml:24:13-37
36        <activity
36-->src\main\AndroidManifest.xml:26:9-28:40
37            android:name="com.ventureplus.crm.SimpleActivity"
37-->src\main\AndroidManifest.xml:27:13-43
38            android:exported="false" />
38-->src\main\AndroidManifest.xml:28:13-37
39        <activity
39-->src\main\AndroidManifest.xml:30:9-32:40
40            android:name="com.ventureplus.crm.EmployeeDashboardActivity"
40-->src\main\AndroidManifest.xml:31:13-54
41            android:exported="false" />
41-->src\main\AndroidManifest.xml:32:13-37
42        <activity
42-->src\main\AndroidManifest.xml:34:9-36:40
43            android:name="com.ventureplus.crm.AdminDashboardActivity"
43-->src\main\AndroidManifest.xml:35:13-51
44            android:exported="false" />
44-->src\main\AndroidManifest.xml:36:13-37
45        <activity
45-->src\main\AndroidManifest.xml:38:9-40:40
46            android:name="com.ventureplus.crm.VentureLocationsActivity"
46-->src\main\AndroidManifest.xml:39:13-53
47            android:exported="false" />
47-->src\main\AndroidManifest.xml:40:13-37
48        <activity
48-->src\main\AndroidManifest.xml:42:9-44:40
49            android:name="com.ventureplus.crm.VentureMapActivity"
49-->src\main\AndroidManifest.xml:43:13-47
50            android:exported="false" />
50-->src\main\AndroidManifest.xml:44:13-37
51        <activity
51-->src\main\AndroidManifest.xml:46:9-48:40
52            android:name="com.ventureplus.crm.CustomerDetailsActivity"
52-->src\main\AndroidManifest.xml:47:13-52
53            android:exported="false" />
53-->src\main\AndroidManifest.xml:48:13-37
54        <activity
54-->src\main\AndroidManifest.xml:50:9-52:40
55            android:name="com.ventureplus.crm.ReportsActivity"
55-->src\main\AndroidManifest.xml:51:13-44
56            android:exported="false" />
56-->src\main\AndroidManifest.xml:52:13-37
57        <activity
57-->src\main\AndroidManifest.xml:54:9-56:40
58            android:name="com.ventureplus.crm.NewVenturesActivity"
58-->src\main\AndroidManifest.xml:55:13-48
59            android:exported="false" />
59-->src\main\AndroidManifest.xml:56:13-37
60        <activity
60-->src\main\AndroidManifest.xml:58:9-60:40
61            android:name="com.ventureplus.crm.TotalDataActivity"
61-->src\main\AndroidManifest.xml:59:13-46
62            android:exported="false" />
62-->src\main\AndroidManifest.xml:60:13-37
63        <activity
63-->src\main\AndroidManifest.xml:62:9-64:40
64            android:name="com.ventureplus.crm.TrackCustomersActivity"
64-->src\main\AndroidManifest.xml:63:13-51
65            android:exported="false" />
65-->src\main\AndroidManifest.xml:64:13-37
66        <activity
66-->src\main\AndroidManifest.xml:66:9-68:40
67            android:name="com.ventureplus.crm.TrackEmployeesActivity"
67-->src\main\AndroidManifest.xml:67:13-51
68            android:exported="false" />
68-->src\main\AndroidManifest.xml:68:13-37
69
70        <service
70-->[com.google.firebase:firebase-database:20.0.0] AndroidManifest.xml:29:9-35:19
71            android:name="com.google.firebase.components.ComponentDiscoveryService"
71-->[com.google.firebase:firebase-database:20.0.0] AndroidManifest.xml:30:13-84
72            android:directBootAware="true"
72-->[com.google.firebase:firebase-common:20.0.0] AndroidManifest.xml:35:13-43
73            android:exported="false" >
73-->[com.google.firebase:firebase-database:20.0.0] AndroidManifest.xml:31:13-37
74            <meta-data
74-->[com.google.firebase:firebase-database:20.0.0] AndroidManifest.xml:32:13-34:85
75                android:name="com.google.firebase.components:com.google.firebase.database.DatabaseRegistrar"
75-->[com.google.firebase:firebase-database:20.0.0] AndroidManifest.xml:33:17-109
76                android:value="com.google.firebase.components.ComponentRegistrar" />
76-->[com.google.firebase:firebase-database:20.0.0] AndroidManifest.xml:34:17-82
77            <meta-data
77-->[com.google.firebase:firebase-auth:21.0.0] AndroidManifest.xml:77:13-79:85
78                android:name="com.google.firebase.components:com.google.firebase.auth.FirebaseAuthRegistrar"
78-->[com.google.firebase:firebase-auth:21.0.0] AndroidManifest.xml:78:17-109
79                android:value="com.google.firebase.components.ComponentRegistrar" />
79-->[com.google.firebase:firebase-auth:21.0.0] AndroidManifest.xml:79:17-82
80        </service>
81
82        <activity
82-->[com.google.firebase:firebase-auth:21.0.0] AndroidManifest.xml:27:9-44:20
83            android:name="com.google.firebase.auth.internal.GenericIdpActivity"
83-->[com.google.firebase:firebase-auth:21.0.0] AndroidManifest.xml:28:13-80
84            android:excludeFromRecents="true"
84-->[com.google.firebase:firebase-auth:21.0.0] AndroidManifest.xml:29:13-46
85            android:exported="true"
85-->[com.google.firebase:firebase-auth:21.0.0] AndroidManifest.xml:30:13-36
86            android:launchMode="singleTask"
86-->[com.google.firebase:firebase-auth:21.0.0] AndroidManifest.xml:31:13-44
87            android:theme="@android:style/Theme.Translucent.NoTitleBar" >
87-->[com.google.firebase:firebase-auth:21.0.0] AndroidManifest.xml:32:13-72
88            <intent-filter>
88-->[com.google.firebase:firebase-auth:21.0.0] AndroidManifest.xml:33:13-43:29
89                <action android:name="android.intent.action.VIEW" />
89-->[com.google.firebase:firebase-auth:21.0.0] AndroidManifest.xml:34:17-69
89-->[com.google.firebase:firebase-auth:21.0.0] AndroidManifest.xml:34:25-66
90
91                <category android:name="android.intent.category.DEFAULT" />
91-->[com.google.firebase:firebase-auth:21.0.0] AndroidManifest.xml:36:17-76
91-->[com.google.firebase:firebase-auth:21.0.0] AndroidManifest.xml:36:27-73
92                <category android:name="android.intent.category.BROWSABLE" />
92-->[com.google.firebase:firebase-auth:21.0.0] AndroidManifest.xml:37:17-78
92-->[com.google.firebase:firebase-auth:21.0.0] AndroidManifest.xml:37:27-75
93
94                <data
94-->[com.google.firebase:firebase-auth:21.0.0] AndroidManifest.xml:39:17-42:51
95                    android:host="firebase.auth"
95-->[com.google.firebase:firebase-auth:21.0.0] AndroidManifest.xml:40:21-49
96                    android:path="/"
96-->[com.google.firebase:firebase-auth:21.0.0] AndroidManifest.xml:41:21-37
97                    android:scheme="genericidp" />
97-->[com.google.firebase:firebase-auth:21.0.0] AndroidManifest.xml:42:21-48
98            </intent-filter>
99        </activity>
100        <activity
100-->[com.google.firebase:firebase-auth:21.0.0] AndroidManifest.xml:45:9-62:20
101            android:name="com.google.firebase.auth.internal.RecaptchaActivity"
101-->[com.google.firebase:firebase-auth:21.0.0] AndroidManifest.xml:46:13-79
102            android:excludeFromRecents="true"
102-->[com.google.firebase:firebase-auth:21.0.0] AndroidManifest.xml:47:13-46
103            android:exported="true"
103-->[com.google.firebase:firebase-auth:21.0.0] AndroidManifest.xml:48:13-36
104            android:launchMode="singleTask"
104-->[com.google.firebase:firebase-auth:21.0.0] AndroidManifest.xml:49:13-44
105            android:theme="@android:style/Theme.Translucent.NoTitleBar" >
105-->[com.google.firebase:firebase-auth:21.0.0] AndroidManifest.xml:50:13-72
106            <intent-filter>
106-->[com.google.firebase:firebase-auth:21.0.0] AndroidManifest.xml:51:13-61:29
107                <action android:name="android.intent.action.VIEW" />
107-->[com.google.firebase:firebase-auth:21.0.0] AndroidManifest.xml:34:17-69
107-->[com.google.firebase:firebase-auth:21.0.0] AndroidManifest.xml:34:25-66
108
109                <category android:name="android.intent.category.DEFAULT" />
109-->[com.google.firebase:firebase-auth:21.0.0] AndroidManifest.xml:36:17-76
109-->[com.google.firebase:firebase-auth:21.0.0] AndroidManifest.xml:36:27-73
110                <category android:name="android.intent.category.BROWSABLE" />
110-->[com.google.firebase:firebase-auth:21.0.0] AndroidManifest.xml:37:17-78
110-->[com.google.firebase:firebase-auth:21.0.0] AndroidManifest.xml:37:27-75
111
112                <data
112-->[com.google.firebase:firebase-auth:21.0.0] AndroidManifest.xml:39:17-42:51
113                    android:host="firebase.auth"
113-->[com.google.firebase:firebase-auth:21.0.0] AndroidManifest.xml:40:21-49
114                    android:path="/"
114-->[com.google.firebase:firebase-auth:21.0.0] AndroidManifest.xml:41:21-37
115                    android:scheme="recaptcha" />
115-->[com.google.firebase:firebase-auth:21.0.0] AndroidManifest.xml:42:21-48
116            </intent-filter>
117        </activity>
118
119        <service
119-->[com.google.firebase:firebase-auth:21.0.0] AndroidManifest.xml:64:9-73:19
120            android:name="com.google.firebase.auth.api.fallback.service.FirebaseAuthFallbackService"
120-->[com.google.firebase:firebase-auth:21.0.0] AndroidManifest.xml:65:13-101
121            android:enabled="true"
121-->[com.google.firebase:firebase-auth:21.0.0] AndroidManifest.xml:66:13-35
122            android:exported="false" >
122-->[com.google.firebase:firebase-auth:21.0.0] AndroidManifest.xml:67:13-37
123            <intent-filter>
123-->[com.google.firebase:firebase-auth:21.0.0] AndroidManifest.xml:68:13-72:29
124                <action android:name="com.google.firebase.auth.api.gms.service.START" />
124-->[com.google.firebase:firebase-auth:21.0.0] AndroidManifest.xml:69:17-89
124-->[com.google.firebase:firebase-auth:21.0.0] AndroidManifest.xml:69:25-86
125
126                <category android:name="android.intent.category.DEFAULT" />
126-->[com.google.firebase:firebase-auth:21.0.0] AndroidManifest.xml:36:17-76
126-->[com.google.firebase:firebase-auth:21.0.0] AndroidManifest.xml:36:27-73
127            </intent-filter>
128        </service>
129
130        <activity
130-->[com.google.android.gms:play-services-base:17.1.0] AndroidManifest.xml:23:9-26:75
131            android:name="com.google.android.gms.common.api.GoogleApiActivity"
131-->[com.google.android.gms:play-services-base:17.1.0] AndroidManifest.xml:24:13-79
132            android:exported="false"
132-->[com.google.android.gms:play-services-base:17.1.0] AndroidManifest.xml:25:13-37
133            android:theme="@android:style/Theme.Translucent.NoTitleBar" />
133-->[com.google.android.gms:play-services-base:17.1.0] AndroidManifest.xml:26:13-72
134
135        <provider
135-->[com.google.firebase:firebase-common:20.0.0] AndroidManifest.xml:26:9-31:39
136            android:name="com.google.firebase.provider.FirebaseInitProvider"
136-->[com.google.firebase:firebase-common:20.0.0] AndroidManifest.xml:27:13-77
137            android:authorities="com.ventureplus.crm.firebaseinitprovider"
137-->[com.google.firebase:firebase-common:20.0.0] AndroidManifest.xml:28:13-72
138            android:directBootAware="true"
138-->[com.google.firebase:firebase-common:20.0.0] AndroidManifest.xml:29:13-43
139            android:exported="false"
139-->[com.google.firebase:firebase-common:20.0.0] AndroidManifest.xml:30:13-37
140            android:initOrder="100" />
140-->[com.google.firebase:firebase-common:20.0.0] AndroidManifest.xml:31:13-36
141
142        <meta-data
142-->[com.google.android.gms:play-services-basement:17.1.0] AndroidManifest.xml:23:9-25:69
143            android:name="com.google.android.gms.version"
143-->[com.google.android.gms:play-services-basement:17.1.0] AndroidManifest.xml:24:13-58
144            android:value="@integer/google_play_services_version" />
144-->[com.google.android.gms:play-services-basement:17.1.0] AndroidManifest.xml:25:13-66
145    </application>
146
147</manifest>